[2019-02-16 21:19:38,576] INFO Starting the log cleaner (kafka.log.LogCleaner)
[2019-02-16 21:19:38,596] INFO [kafka-log-cleaner-thread-0]: Starting (kafka.log.LogCleaner)
[2019-02-16 21:41:42,866] INFO Shutting down the log cleaner. (kafka.log.LogCleaner)
[2019-02-16 21:41:42,867] INFO [kafka-log-cleaner-thread-0]: Shutting down (kafka.log.LogCleaner)
[2019-02-16 21:41:42,867] INFO [kafka-log-cleaner-thread-0]: Stopped (kafka.log.LogCleaner)
[2019-02-16 21:41:42,867] INFO [kafka-log-cleaner-thread-0]: Shutdown completed (kafka.log.LogCleaner)
[2019-02-16 21:41:53,982] INFO Starting the log cleaner (kafka.log.LogCleaner)
[2019-02-16 21:41:54,001] INFO [kafka-log-cleaner-thread-0]: Starting (kafka.log.LogCleaner)
[2019-02-16 21:44:46,475] INFO Shutting down the log cleaner. (kafka.log.LogCleaner)
[2019-02-16 21:44:46,475] INFO [kafka-log-cleaner-thread-0]: Shutting down (kafka.log.LogCleaner)
[2019-02-16 21:44:46,475] INFO [kafka-log-cleaner-thread-0]: Stopped (kafka.log.LogCleaner)
[2019-02-16 21:44:46,475] INFO [kafka-log-cleaner-thread-0]: Shutdown completed (kafka.log.LogCleaner)
[2019-02-16 21:45:02,163] INFO Starting the log cleaner (kafka.log.LogCleaner)
[2019-02-16 21:45:02,180] INFO [kafka-log-cleaner-thread-0]: Starting (kafka.log.LogCleaner)
[2019-02-16 21:51:22,681] INFO Starting the log cleaner (kafka.log.LogCleaner)
[2019-02-16 21:51:22,700] INFO [kafka-log-cleaner-thread-0]: Starting (kafka.log.LogCleaner)
[2019-02-16 21:53:57,067] INFO Starting the log cleaner (kafka.log.LogCleaner)
[2019-02-16 21:53:57,086] INFO [kafka-log-cleaner-thread-0]: Starting (kafka.log.LogCleaner)
[2019-02-16 21:54:53,337] INFO Starting the log cleaner (kafka.log.LogCleaner)
[2019-02-16 21:54:53,354] INFO [kafka-log-cleaner-thread-0]: Starting (kafka.log.LogCleaner)
[2019-02-16 21:57:05,634] INFO Starting the log cleaner (kafka.log.LogCleaner)
[2019-02-16 21:57:05,652] INFO [kafka-log-cleaner-thread-0]: Starting (kafka.log.LogCleaner)
[2019-02-16 21:58:03,560] INFO Starting the log cleaner (kafka.log.LogCleaner)
[2019-02-16 21:58:03,578] INFO [kafka-log-cleaner-thread-0]: Starting (kafka.log.LogCleaner)
